<?xml version="1.0" encoding="UTF-8"?>
<!-- Generated by org.testng.reporters.JUnitXMLReporter -->
<testsuite ignored="1" hostname="DESKTOP-Q1BOVCQ" failures="0" tests="2" name="Default test" time="49.779" errors="0" timestamp="2025-01-07T08:00:28 IST">
  <testcase classname="seleniumFrameworkPractice.refactor.tests.PlaceOrderTest" name="SubmitOrderTest" time="16.519"/>
  <testcase classname="seleniumFrameworkPractice.refactor.tests.PlaceOrderTest" name="SubmitOrderTest" time="16.376"/>
  <testcase classname="seleniumFrameworkPractice.refactor.tests.PlaceOrderTest" name="OrderpageProductValidation" time="0.0">
    <ignored/>
  </testcase> <!-- OrderpageProductValidation -->
</testsuite> <!-- Default test -->
