<?xml version="1.0" encoding="UTF-8"?>
<!-- Generated by org.testng.reporters.JUnitXMLReporter -->
<testsuite ignored="0" hostname="DESKTOP-Q1BOVCQ" failures="0" tests="3" name="Default test" time="0.091" errors="0" timestamp="2024-12-11T21:37:44 IST">
  <testcase classname="seleniumQA.JavaStreamEx" name="streamConcat" time="0.011"/>
  <testcase classname="seleniumQA.JavaStreamEx" name="streamMap" time="0.006"/>
  <testcase classname="seleniumQA.JavaStreamEx" name="streamMis" time="0.002"/>
</testsuite> <!-- Default test -->
