<?xml version="1.0" encoding="UTF-8"?>
<!-- Generated by org.testng.reporters.JUnitXMLReporter -->
<testsuite ignored="0" hostname="DESKTOP-Q1BOVCQ" failures="1" tests="2" name="ErrorValidations" time="18.893" errors="0" timestamp="2025-01-19T16:40:40 IST">
  <testcase classname="seleniumFrameworkPractice.refactor.tests.ErrorValidations" name="incorrectCredentialsTest" time="0.602">
    <skipped/>
  </testcase> <!-- incorrectCredentialsTest -->
  <testcase classname="seleniumFrameworkPractice.refactor.tests.ErrorValidations" name="incorrectCredentialsTest" time="0.874">
    <failure type="java.lang.AssertionError" message="expected [ Incorrect email or password] but found [Incorrect email or password.]">
      <![CDATA[java.lang.AssertionError: expected [ Incorrect email or password] but found [Incorrect email or password.]
at seleniumFrameworkPractice.refactor.tests.ErrorValidations.incorrectCredentialsTest(ErrorValidations.java:17)
at java.base/java.util.ArrayList.forEach(ArrayList.java:1511)
... Removed 33 stack frames]]>
    </failure>
  </testcase> <!-- incorrectCredentialsTest -->
</testsuite> <!-- ErrorValidations -->
