<?xml version="1.0" encoding="UTF-8"?>
<!-- Generated by org.testng.reporters.JUnitXMLReporter -->
<testsuite ignored="2" hostname="DESKTOP-Q1BOVCQ" failures="0" tests="0" time="0.001" errors="0" timestamp="2025-01-07T09:02:55 IST">
  <testcase classname="seleniumFrameworkPractice.refactor.tests.PlaceOrderTest" name="OrderpageProductValidation" time="0.0">
    <ignored/>
  </testcase> <!-- OrderpageProductValidation -->
  <testcase classname="seleniumFrameworkPractice.refactor.tests.PlaceOrderTest" name="SubmitOrderTest" time="0.0">
    <ignored/>
  </testcase> <!-- SubmitOrderTest -->
</testsuite>
