<?xml version="1.0" encoding="UTF-8"?>
<testng-results ignored="0" total="1" passed="1" failed="0" skipped="0">
  <reporter-output>
  </reporter-output>
  <suite started-at="2025-01-23T20:09:38 IST" name="Default suite" finished-at="2025-01-23T20:09:50 IST" duration-ms="11462">
    <groups>
    </groups>
    <test started-at="2025-01-23T20:09:38 IST" name="Default test" finished-at="2025-01-23T20:09:50 IST" duration-ms="11462">
      <class name="seleniumFrameworkPractice.refactor.tests.UploadDownloadTest">
        <test-method signature="Sampletest()[pri:0, instance:seleniumFrameworkPractice.refactor.tests.UploadDownloadTest@54d9d12d]" started-at="2025-01-23T20:09:39 IST" name="Sampletest" finished-at="2025-01-23T20:09:50 IST" duration-ms="11407" status="PASS">
          <reporter-output>
          </reporter-output>
        </test-method> <!-- Sampletest -->
      </class> <!-- seleniumFrameworkPractice.refactor.tests.UploadDownloadTest -->
    </test> <!-- Default test -->
  </suite> <!-- Default suite -->
</testng-results>
